<?xml version="1.0" encoding="UTF-8"?>
<!-- Generated by org.testng.reporters.JUnitReportReporter -->
<testsuite hostname="Egipad061" name="registration.UserRegistration" tests="19" failures="0" timestamp="26 Jul 2018 17:48:59 GMT" time="320.941" errors="0">
  <testcase name="pwd_length" time="13.766" classname="registration.UserRegistration"/>
  <testcase name="pwd_match" time="21.313" classname="registration.UserRegistration"/>
  <testcase name="invalid_phone" time="16.062" classname="registration.UserRegistration"/>
  <testcase name="all_invalid_field_lenth" time="12.183" classname="registration.UserRegistration"/>
  <testcase name="isfield_present" time="15.966" classname="registration.UserRegistration"/>
  <testcase name="cpwd_blank" time="13.020" classname="registration.UserRegistration"/>
  <testcase name="blank_field" time="17.210" classname="registration.UserRegistration"/>
  <testcase name="uname_blank" time="15.653" classname="registration.UserRegistration"/>
  <testcase name="uname_length" time="22.569" classname="registration.UserRegistration"/>
  <testcase name="fname_blank" time="12.962" classname="registration.UserRegistration"/>
  <testcase name="lname_blank" time="14.698" classname="registration.UserRegistration"/>
  <testcase name="fname_lenth" time="17.323" classname="registration.UserRegistration"/>
  <testcase name="email_blank" time="25.761" classname="registration.UserRegistration"/>
  <testcase name="successful_registration" time="15.477" classname="registration.UserRegistration"/>
  <testcase name="invalid_email" time="27.385" classname="registration.UserRegistration"/>
  <testcase name="pwd_mismatch" time="15.394" classname="registration.UserRegistration"/>
  <testcase name="cpwd_length" time="12.683" classname="registration.UserRegistration"/>
  <testcase name="pwd_blank" time="16.336" classname="registration.UserRegistration"/>
  <testcase name="lname_lenth" time="15.180" classname="registration.UserRegistration"/>
</testsuite> <!-- registration.UserRegistration -->
