<?xml version="1.0" encoding="UTF-8"?>
<!-- Generated by org.testng.reporters.JUnitReportReporter -->
<testsuite hostname="Egipad061" name="registration.UserRegistration" tests="19" failures="0" timestamp="29 Jul 2018 14:09:35 GMT" time="245.386" errors="0">
  <testcase name="pwd_seven_char" time="11.711" classname="registration.UserRegistration"/>
  <testcase name="required_fields_present" time="10.841" classname="registration.UserRegistration"/>
  <testcase name="confirm_password_blank" time="19.954" classname="registration.UserRegistration"/>
  <testcase name="mandatory_fields_blank" time="12.022" classname="registration.UserRegistration"/>
  <testcase name="uname_blank" time="14.090" classname="registration.UserRegistration"/>
  <testcase name="uname_seven_char" time="12.551" classname="registration.UserRegistration"/>
  <testcase name="fname_blank" time="12.924" classname="registration.UserRegistration"/>
  <testcase name="lname_blank" time="12.824" classname="registration.UserRegistration"/>
  <testcase name="fname_single_char" time="12.454" classname="registration.UserRegistration"/>
  <testcase name="email_blank" time="11.775" classname="registration.UserRegistration"/>
  <testcase name="invalid_email" time="12.894" classname="registration.UserRegistration"/>
  <testcase name="password_mismatch" time="11.953" classname="registration.UserRegistration"/>
  <testcase name="cpwd_seven_char" time="13.034" classname="registration.UserRegistration"/>
  <testcase name="successful_registration" time="13.590" classname="registration.UserRegistration"/>
  <testcase name="all_invalid_field_lenth" time="11.454" classname="registration.UserRegistration"/>
  <testcase name="password_blank" time="12.424" classname="registration.UserRegistration"/>
  <testcase name="lname_single_char" time="13.187" classname="registration.UserRegistration"/>
  <testcase name="password_match" time="11.994" classname="registration.UserRegistration"/>
  <testcase name="invalid_phone" time="13.710" classname="registration.UserRegistration"/>
</testsuite> <!-- registration.UserRegistration -->
